Determining if the pthread_create exist failed with the following output:
Change Dir: /home0/ruth/software_engineering/dune/dune-PFASST/build-cmake/CMakeFiles/CMakeTmp

Run Build Command:"/usr/bin/gmake" "cmTC_bf15a/fast"
/usr/bin/gmake -f CMakeFiles/cmTC_bf15a.dir/build.make CMakeFiles/cmTC_bf15a.dir/build
gmake[1]: Entering directory `/home0/ruth/software_engineering/dune/dune-PFASST/build-cmake/CMakeFiles/CMakeTmp'
Building C object CMakeFiles/cmTC_bf15a.dir/CheckSymbolExists.c.o
/usr/local_64/gcc/gcc-5.3.0/bin/gcc     -o CMakeFiles/cmTC_bf15a.dir/CheckSymbolExists.c.o   -c /home0/ruth/software_engineering/dune/dune-PFASST/build-cmake/CMakeFiles/CMakeTmp/CheckSymbolExists.c
Linking C executable cmTC_bf15a
/usr/bin/cmake -E cmake_link_script CMakeFiles/cmTC_bf15a.dir/link.txt --verbose=1
/usr/local_64/gcc/gcc-5.3.0/bin/gcc       CMakeFiles/cmTC_bf15a.dir/CheckSymbolExists.c.o  -o cmTC_bf15a -rdynamic 
CMakeFiles/cmTC_bf15a.dir/CheckSymbolExists.c.o: In function `main':
CheckSymbolExists.c:(.text+0x16): undefined reference to `pthread_create'
collect2: error: ld returned 1 exit status
gmake[1]: *** [cmTC_bf15a] Error 1
gmake[1]: Leaving directory `/home0/ruth/software_engineering/dune/dune-PFASST/build-cmake/CMakeFiles/CMakeTmp'
gmake: *** [cmTC_bf15a/fast] Error 2

File /home0/ruth/software_engineering/dune/dune-PFASST/build-cmake/CMakeFiles/CMakeTmp/CheckSymbolExists.c:
/* */
#include <pthread.h>

int main(int argc, char** argv)
{
  (void)argv;
#ifndef pthread_create
  return ((int*)(&pthread_create))[argc];
#else
  (void)argc;
  return 0;
#endif
}

Determining if the include file gmpxx.h exists failed with the following output:
Change Dir: /home0/ruth/software_engineering/dune/dune-PFASST/build-cmake/CMakeFiles/CMakeTmp

Run Build Command:"/usr/bin/gmake" "cmTC_ab20f/fast"
/usr/bin/gmake -f CMakeFiles/cmTC_ab20f.dir/build.make CMakeFiles/cmTC_ab20f.dir/build
gmake[1]: Entering directory `/home0/ruth/software_engineering/dune/dune-PFASST/build-cmake/CMakeFiles/CMakeTmp'
Building CXX object CMakeFiles/cmTC_ab20f.dir/CheckIncludeFile.cxx.o
/usr/local_64/gcc/gcc-5.3.0/bin/g++     -std=c++14     -o CMakeFiles/cmTC_ab20f.dir/CheckIncludeFile.cxx.o -c /home0/ruth/software_engineering/dune/dune-PFASST/build-cmake/CMakeFiles/CMakeTmp/CheckIncludeFile.cxx
In file included from /usr/include/gmp.h:51:0,
                 from /usr/include/gmpxx.h:33,
                 from /home0/ruth/software_engineering/dune/dune-PFASST/build-cmake/CMakeFiles/CMakeTmp/CheckIncludeFile.cxx:1:
/usr/local_64/gcc/gcc-5.3.0/include/c++/5.3.0/cstddef:51:11: error: '::max_align_t' has not been declared
   using ::max_align_t;
           ^
gmake[1]: *** [CMakeFiles/cmTC_ab20f.dir/CheckIncludeFile.cxx.o] Error 1
gmake[1]: Leaving directory `/home0/ruth/software_engineering/dune/dune-PFASST/build-cmake/CMakeFiles/CMakeTmp'
gmake: *** [cmTC_ab20f/fast] Error 2


Determing location of GMP failed:
Include directory: /usr/include
gmp library directory: /usr/lib64/libgmp.so
gmpx library directory: /usr/lib64/libgmpxx.so

Determining if the include file metis.h exists failed with the following output:
Change Dir: /home0/ruth/software_engineering/dune/dune-PFASST/build-cmake/CMakeFiles/CMakeTmp

Run Build Command:"/usr/bin/gmake" "cmTC_28d9a/fast"
/usr/bin/gmake -f CMakeFiles/cmTC_28d9a.dir/build.make CMakeFiles/cmTC_28d9a.dir/build
gmake[1]: Entering directory `/home0/ruth/software_engineering/dune/dune-PFASST/build-cmake/CMakeFiles/CMakeTmp'
Building C object CMakeFiles/cmTC_28d9a.dir/CheckIncludeFile.c.o
/usr/local_64/gcc/gcc-5.3.0/bin/gcc     -o CMakeFiles/cmTC_28d9a.dir/CheckIncludeFile.c.o   -c /home0/ruth/software_engineering/dune/dune-PFASST/build-cmake/CMakeFiles/CMakeTmp/CheckIncludeFile.c
/home0/ruth/software_engineering/dune/dune-PFASST/build-cmake/CMakeFiles/CMakeTmp/CheckIncludeFile.c:1:19: fatal error: metis.h: No such file or directory
compilation terminated.
gmake[1]: *** [CMakeFiles/cmTC_28d9a.dir/CheckIncludeFile.c.o] Error 1
gmake[1]: Leaving directory `/home0/ruth/software_engineering/dune/dune-PFASST/build-cmake/CMakeFiles/CMakeTmp'
gmake: *** [cmTC_28d9a/fast] Error 2


Determing location of METIS failed:
Include directory: 
Library directory: 

Determining if the include file parmetis.h exists failed with the following output:
Change Dir: /home0/ruth/software_engineering/dune/dune-PFASST/build-cmake/CMakeFiles/CMakeTmp

Run Build Command:"/usr/bin/gmake" "cmTC_5401e/fast"
/usr/bin/gmake -f CMakeFiles/cmTC_5401e.dir/build.make CMakeFiles/cmTC_5401e.dir/build
gmake[1]: Entering directory `/home0/ruth/software_engineering/dune/dune-PFASST/build-cmake/CMakeFiles/CMakeTmp'
Building C object CMakeFiles/cmTC_5401e.dir/CheckIncludeFile.c.o
/usr/local_64/gcc/gcc-5.3.0/bin/gcc     -o CMakeFiles/cmTC_5401e.dir/CheckIncludeFile.c.o   -c /home0/ruth/software_engineering/dune/dune-PFASST/build-cmake/CMakeFiles/CMakeTmp/CheckIncludeFile.c
/home0/ruth/software_engineering/dune/dune-PFASST/build-cmake/CMakeFiles/CMakeTmp/CheckIncludeFile.c:1:22: fatal error: parmetis.h: No such file or directory
compilation terminated.
gmake[1]: *** [CMakeFiles/cmTC_5401e.dir/CheckIncludeFile.c.o] Error 1
gmake[1]: Leaving directory `/home0/ruth/software_engineering/dune/dune-PFASST/build-cmake/CMakeFiles/CMakeTmp'
gmake: *** [cmTC_5401e/fast] Error 2


Performing C SOURCE FILE Test SUPERLU_MIN_VERSION_4 failed with the following output:
Change Dir: /home0/ruth/software_engineering/dune/dune-PFASST/build-cmake/CMakeFiles/CMakeTmp

Run Build Command:"/usr/bin/gmake" "cmTC_ee2ab/fast"
/usr/bin/gmake -f CMakeFiles/cmTC_ee2ab.dir/build.make CMakeFiles/cmTC_ee2ab.dir/build
gmake[1]: Entering directory `/home0/ruth/software_engineering/dune/dune-PFASST/build-cmake/CMakeFiles/CMakeTmp'
Building C object CMakeFiles/cmTC_ee2ab.dir/src.c.o
/usr/local_64/gcc/gcc-5.3.0/bin/gcc    -DSUPERLU_MIN_VERSION_4   -o CMakeFiles/cmTC_ee2ab.dir/src.c.o   -c /home0/ruth/software_engineering/dune/dune-PFASST/build-cmake/CMakeFiles/CMakeTmp/src.c
/home0/ruth/software_engineering/dune/dune-PFASST/build-cmake/CMakeFiles/CMakeTmp/src.c:3:25: fatal error: supermatrix.h: No such file or directory
compilation terminated.
gmake[1]: *** [CMakeFiles/cmTC_ee2ab.dir/src.c.o] Error 1
gmake[1]: Leaving directory `/home0/ruth/software_engineering/dune/dune-PFASST/build-cmake/CMakeFiles/CMakeTmp'
gmake: *** [cmTC_ee2ab/fast] Error 2

Source file was:

typedef int int_t;
#include <supermatrix.h>
#include <slu_util.h>
int main()
{
  SuperLUStat_t stat;
  stat.expansions=8;
  return 0;
}
Performing C SOURCE FILE Test SUPERLU_MIN_VERSION_4_3 failed with the following output:
Change Dir: /home0/ruth/software_engineering/dune/dune-PFASST/build-cmake/CMakeFiles/CMakeTmp

Run Build Command:"/usr/bin/gmake" "cmTC_38c40/fast"
/usr/bin/gmake -f CMakeFiles/cmTC_38c40.dir/build.make CMakeFiles/cmTC_38c40.dir/build
gmake[1]: Entering directory `/home0/ruth/software_engineering/dune/dune-PFASST/build-cmake/CMakeFiles/CMakeTmp'
Building C object CMakeFiles/cmTC_38c40.dir/src.c.o
/usr/local_64/gcc/gcc-5.3.0/bin/gcc    -DSUPERLU_MIN_VERSION_4_3   -o CMakeFiles/cmTC_38c40.dir/src.c.o   -c /home0/ruth/software_engineering/dune/dune-PFASST/build-cmake/CMakeFiles/CMakeTmp/src.c
/home0/ruth/software_engineering/dune/dune-PFASST/build-cmake/CMakeFiles/CMakeTmp/src.c:2:23: fatal error: slu_ddefs.h: No such file or directory
compilation terminated.
gmake[1]: *** [CMakeFiles/cmTC_38c40.dir/src.c.o] Error 1
gmake[1]: Leaving directory `/home0/ruth/software_engineering/dune/dune-PFASST/build-cmake/CMakeFiles/CMakeTmp'
gmake: *** [cmTC_38c40/fast] Error 2

Source file was:

#include <slu_ddefs.h>
int main(void)
{
  return SLU_DOUBLE;
}
Performing C SOURCE FILE Test SUPERLU_MIN_VERSION_5 failed with the following output:
Change Dir: /home0/ruth/software_engineering/dune/dune-PFASST/build-cmake/CMakeFiles/CMakeTmp

Run Build Command:"/usr/bin/gmake" "cmTC_16abb/fast"
/usr/bin/gmake -f CMakeFiles/cmTC_16abb.dir/build.make CMakeFiles/cmTC_16abb.dir/build
gmake[1]: Entering directory `/home0/ruth/software_engineering/dune/dune-PFASST/build-cmake/CMakeFiles/CMakeTmp'
Building C object CMakeFiles/cmTC_16abb.dir/src.c.o
/usr/local_64/gcc/gcc-5.3.0/bin/gcc    -DSUPERLU_MIN_VERSION_5   -o CMakeFiles/cmTC_16abb.dir/src.c.o   -c /home0/ruth/software_engineering/dune/dune-PFASST/build-cmake/CMakeFiles/CMakeTmp/src.c
/home0/ruth/software_engineering/dune/dune-PFASST/build-cmake/CMakeFiles/CMakeTmp/src.c:3:25: fatal error: supermatrix.h: No such file or directory
compilation terminated.
gmake[1]: *** [CMakeFiles/cmTC_16abb.dir/src.c.o] Error 1
gmake[1]: Leaving directory `/home0/ruth/software_engineering/dune/dune-PFASST/build-cmake/CMakeFiles/CMakeTmp'
gmake: *** [cmTC_16abb/fast] Error 2

Source file was:

typedef int int_t;
#include <supermatrix.h>
#include <slu_util.h>
int main(void)
{
  GlobalLU_t glu;
  return 0;
}
Determining location of SuperLU failed:
Include directory: 
Library directory: 
Found unsupported version: SuperLU < 4.0

Determing location of ARPACK failed:
Libraries to link against: 

Determing location of ARPACK++ failed:
Include directory: 
Libraries to link against: 

Determing location of METIS failed:
Include directory: 
Library directory: 

Determining location of UG failed:
Include directories: 
Libraries: 

Determining location of psurface failed:
Include directory: 
Library directory: 

Determing location of GMP failed:
Include directory: /usr/include
gmp library directory: /usr/lib64/libgmp.so
gmpx library directory: /usr/lib64/libgmpxx.so

Determing location of METIS failed:
Include directory: 
Library directory: 

Determining location of SuperLU failed:
Include directory: 
Library directory: 
Found unsupported version: SuperLU < 4.0

Determing location of ARPACK failed:
Libraries to link against: 

Determing location of ARPACK++ failed:
Include directory: 
Libraries to link against: 

Determing location of METIS failed:
Include directory: 
Library directory: 

Determining location of UG failed:
Include directories: 
Libraries: 

Determining location of psurface failed:
Include directory: 
Library directory: 

Determing location of GMP failed:
Include directory: /usr/include
gmp library directory: /usr/lib64/libgmp.so
gmpx library directory: /usr/lib64/libgmpxx.so

Determing location of METIS failed:
Include directory: 
Library directory: 

Determining location of SuperLU failed:
Include directory: 
Library directory: 
Found unsupported version: SuperLU < 4.0

Determing location of ARPACK failed:
Libraries to link against: 

Determing location of ARPACK++ failed:
Include directory: 
Libraries to link against: 

Determing location of METIS failed:
Include directory: 
Library directory: 

Determining location of UG failed:
Include directories: 
Libraries: 

Determining location of psurface failed:
Include directory: 
Library directory: 

Determing location of GMP failed:
Include directory: /usr/include
gmp library directory: /usr/lib64/libgmp.so
gmpx library directory: /usr/lib64/libgmpxx.so

Determing location of METIS failed:
Include directory: 
Library directory: 

Determining location of SuperLU failed:
Include directory: 
Library directory: 
Found unsupported version: SuperLU < 4.0

Determing location of ARPACK failed:
Libraries to link against: 

Determing location of ARPACK++ failed:
Include directory: 
Libraries to link against: 

Determing location of METIS failed:
Include directory: 
Library directory: 

Determining location of UG failed:
Include directories: 
Libraries: 

Determining location of psurface failed:
Include directory: 
Library directory: 

Determing location of GMP failed:
Include directory: /usr/include
gmp library directory: /usr/lib64/libgmp.so
gmpx library directory: /usr/lib64/libgmpxx.so

Determing location of METIS failed:
Include directory: 
Library directory: 

Determining location of SuperLU failed:
Include directory: 
Library directory: 
Found unsupported version: SuperLU < 4.0

Determing location of ARPACK failed:
Libraries to link against: 

Determing location of ARPACK++ failed:
Include directory: 
Libraries to link against: 

Determing location of METIS failed:
Include directory: 
Library directory: 

Determining location of UG failed:
Include directories: 
Libraries: 

Determining location of psurface failed:
Include directory: 
Library directory: 

Determing location of GMP failed:
Include directory: /usr/include
gmp library directory: /usr/lib64/libgmp.so
gmpx library directory: /usr/lib64/libgmpxx.so

Determing location of METIS failed:
Include directory: 
Library directory: 

Determining location of SuperLU failed:
Include directory: 
Library directory: 
Found unsupported version: SuperLU < 4.0

Determing location of ARPACK failed:
Libraries to link against: 

Determing location of ARPACK++ failed:
Include directory: 
Libraries to link against: 

Determing location of METIS failed:
Include directory: 
Library directory: 

Determining location of UG failed:
Include directories: 
Libraries: 

Determining location of psurface failed:
Include directory: 
Library directory: 

Determing location of GMP failed:
Include directory: /usr/include
gmp library directory: /usr/lib64/libgmp.so
gmpx library directory: /usr/lib64/libgmpxx.so

Determing location of METIS failed:
Include directory: 
Library directory: 

Determining location of SuperLU failed:
Include directory: 
Library directory: 
Found unsupported version: SuperLU < 4.0

Determing location of ARPACK failed:
Libraries to link against: 

Determing location of ARPACK++ failed:
Include directory: 
Libraries to link against: 

Determing location of METIS failed:
Include directory: 
Library directory: 

Determining location of UG failed:
Include directories: 
Libraries: 

Determining location of psurface failed:
Include directory: 
Library directory: 

Determing location of GMP failed:
Include directory: /usr/include
gmp library directory: /usr/lib64/libgmp.so
gmpx library directory: /usr/lib64/libgmpxx.so

Determing location of METIS failed:
Include directory: 
Library directory: 

Determining location of SuperLU failed:
Include directory: 
Library directory: 
Found unsupported version: SuperLU < 4.0

Determing location of ARPACK failed:
Libraries to link against: 

Determing location of ARPACK++ failed:
Include directory: 
Libraries to link against: 

Determing location of METIS failed:
Include directory: 
Library directory: 

Determining location of UG failed:
Include directories: 
Libraries: 

Determining location of psurface failed:
Include directory: 
Library directory: 

